<?xml version="1.0" encoding="UTF-8"?>
<testng-results ignored="0" total="1" passed="1" failed="0" skipped="0">
  <reporter-output>
  </reporter-output>
  <suite started-at="2025-03-27T14:37:07 IST" name="Suite" finished-at="2025-03-27T14:37:14 IST" duration-ms="6790">
    <groups>
    </groups>
    <test started-at="2025-03-27T14:37:07 IST" name="Test" finished-at="2025-03-27T14:37:14 IST" duration-ms="6790">
      <class name="jenkinsintegration.standalone.StandaloneTest1">
        <test-method signature="f()[pri:0, instance:jenkinsintegration.standalone.StandaloneTest1@72f926e6]" started-at="2025-03-27T14:37:08 IST" name="f" finished-at="2025-03-27T14:37:14 IST" duration-ms="6730" status="PASS">
          <reporter-output>
          </reporter-output>
        </test-method> <!-- f -->
      </class> <!-- jenkinsintegration.standalone.StandaloneTest1 -->
    </test> <!-- Test -->
  </suite> <!-- Suite -->
</testng-results>
