<?xml version="1.0" encoding="UTF-8"?>
<testng-results ignored="0" total="1" passed="1" failed="0" skipped="0">
  <reporter-output>
  </reporter-output>
  <suite started-at="2025-03-27T11:54:08 IST" name="Suite" finished-at="2025-03-27T11:55:16 IST" duration-ms="68538">
    <groups>
    </groups>
    <test started-at="2025-03-27T11:54:08 IST" name="Test" finished-at="2025-03-27T11:55:16 IST" duration-ms="68538">
      <class name="jenkinsintegration.standalone.StandaloneTest">
        <test-method signature="f()[pri:0, instance:jenkinsintegration.standalone.StandaloneTest@72f926e6]" started-at="2025-03-27T11:54:08 IST" name="f" finished-at="2025-03-27T11:55:16 IST" duration-ms="68477" status="PASS">
          <reporter-output>
          </reporter-output>
        </test-method> <!-- f -->
      </class> <!-- jenkinsintegration.standalone.StandaloneTest -->
    </test> <!-- Test -->
  </suite> <!-- Suite -->
</testng-results>
