<?xml version="1.0" encoding="UTF-8"?>
<testsuite xmlns:xsi="http://www.w3.org/2001/XMLSchema-instance" xsi:noNamespaceSchemaLocation="https://maven.apache.org/surefire/maven-surefire-plugin/xsd/surefire-test-report-3.0.xsd" version="3.0" name="TestSuite" time="7.534" tests="1" errors="0" skipped="0" failures="0">
  <properties>
[...]
</properties>
  <testcase name="f" classname="jenkinsintegration.standalone.StandaloneTest1" time="6.735">
    <system-out><![CDATA[ StandaloneTest1 Property file loaded successfully---->
 StandaloneTest1 Property file key value---->chrome
 StandaloneTest1 Property file key value---->local
 StandaloneTest1 Property file key value---->windows
StandaloneTest1 Browser is Edge---> added CICD
]]></system-out>
    <system-err><![CDATA[SLF4J(W): No SLF4J providers were found.
SLF4J(W): Defaulting to no-operation (NOP) logger implementation
SLF4J(W): See https://www.slf4j.org/codes.html#noProviders for further details.
]]></system-err>
  </testcase>
</testsuite>