<?xml version="1.0" encoding="UTF-8"?>
<testng-results ignored="0" total="1" passed="1" failed="0" skipped="0">
  <reporter-output>
  </reporter-output>
  <suite started-at="2025-03-27T14:28:30 IST" name="Default suite" finished-at="2025-03-27T14:28:30 IST" duration-ms="156">
    <groups>
    </groups>
    <test started-at="2025-03-27T14:28:30 IST" name="Default test" finished-at="2025-03-27T14:28:30 IST" duration-ms="156">
      <class name="jenkinsintegration.standalone.StandaloneTest">
        <test-method signature="f()[pri:0, instance:jenkinsintegration.standalone.StandaloneTest@41d477ed]" started-at="2025-03-27T14:28:30 IST" name="f" finished-at="2025-03-27T14:28:30 IST" duration-ms="47" status="PASS">
          <reporter-output>
          </reporter-output>
        </test-method> <!-- f -->
      </class> <!-- jenkinsintegration.standalone.StandaloneTest -->
    </test> <!-- Default test -->
  </suite> <!-- Default suite -->
</testng-results>
